[debug] [2022-10-27T16:44:56.815Z] ----------------------------------------------------------------------
[debug] [2022-10-27T16:44:56.818Z] Command:       C:\Program Files\nodejs\node.exe C:\Users\user\AppData\Roaming\npm\node_modules\firebase-tools\lib\bin\firebase.js init
[debug] [2022-10-27T16:44:56.818Z] CLI Version:   11.15.0
[debug] [2022-10-27T16:44:56.819Z] Platform:      win32
[debug] [2022-10-27T16:44:56.819Z] Node Version:  v16.16.0
[debug] [2022-10-27T16:44:56.820Z] Time:          Thu Oct 27 2022 22:44:56 GMT+0600 (Bangladesh Standard Time)
[debug] [2022-10-27T16:44:56.820Z] ----------------------------------------------------------------------
[debug] 
[debug] [2022-10-27T16:44:56.928Z] > command requires scopes: ["email","openid","https://www.googleapis.com/auth/cloudplatformprojects.readonly","https://www.googleapis.com/auth/firebase","https://www.googleapis.com/auth/cloud-platform"]
[debug] [2022-10-27T16:44:56.928Z] > authorizing via signed-in user (ahmed.mushfik16381@gmail.com)
[info] 
     ######## #### ########  ######## ########     ###     ######  ########
     ##        ##  ##     ## ##       ##     ##  ##   ##  ##       ##
     ######    ##  ########  ######   ########  #########  ######  ######
     ##        ##  ##    ##  ##       ##     ## ##     ##       ## ##
     ##       #### ##     ## ######## ########  ##     ##  ######  ########

You're about to initialize a Firebase project in this directory:

  E:\Pograming Hero Web Course\Assignment\gyan\gyan-client-side

Before we get started, keep in mind:

  * You are initializing within an existing Firebase project directory

[info] 
=== Project Setup
[info] 
[info] First, let's associate this project directory with a Firebase project.
[info] You can create multiple project aliases by running firebase use --add, 
[info] but for now we'll just set up a default project.
[info] 
[debug] [2022-10-27T16:46:58.523Z] Using project from CLI flag: gyan-client-side
[debug] [2022-10-27T16:46:58.529Z] > refreshing access token with scopes: []
[debug] [2022-10-27T16:46:58.532Z] >>> [apiv2][query] POST https://www.googleapis.com/oauth2/v3/token [none]
[debug] [2022-10-27T16:46:58.533Z] >>> [apiv2][body] POST https://www.googleapis.com/oauth2/v3/token [omitted]
[debug] [2022-10-27T16:47:00.679Z] <<< [apiv2][status] POST https://www.googleapis.com/oauth2/v3/token 200
[debug] [2022-10-27T16:47:00.680Z] <<< [apiv2][body] POST https://www.googleapis.com/oauth2/v3/token [omitted]
[debug] [2022-10-27T16:47:00.733Z] >>> [apiv2][query] GET https://firebase.googleapis.com/v1beta1/projects/gyan-client-side [none]
[debug] [2022-10-27T16:47:01.342Z] <<< [apiv2][status] GET https://firebase.googleapis.com/v1beta1/projects/gyan-client-side 200
[debug] [2022-10-27T16:47:01.343Z] <<< [apiv2][body] GET https://firebase.googleapis.com/v1beta1/projects/gyan-client-side {"projectId":"gyan-client-side","projectNumber":"700747021074","displayName":"gyan-client-side","name":"projects/gyan-client-side","resources":{"hostingSite":"gyan-client-side"},"state":"ACTIVE","etag":"1_23cc07f5-8339-4b82-ac82-f0c757635e08"}
[info] i  Using project gyan-client-side (gyan-client-side) 
[info] 
=== Hosting Setup
[info] 
[info] Your public directory is the folder (relative to your project directory) that
[info] will contain Hosting assets to be uploaded with firebase deploy. If you
[info] have a build process for your assets, use your build's output directory.
[info] 
[debug] [2022-10-27T16:48:57.161Z] ----------------------------------------------------------------------
[debug] [2022-10-27T16:48:57.164Z] Command:       C:\Program Files\nodejs\node.exe C:\Users\user\AppData\Roaming\npm\node_modules\firebase-tools\lib\bin\firebase.js init hosting
[debug] [2022-10-27T16:48:57.164Z] CLI Version:   11.15.0
[debug] [2022-10-27T16:48:57.165Z] Platform:      win32
[debug] [2022-10-27T16:48:57.165Z] Node Version:  v16.16.0
[debug] [2022-10-27T16:48:57.166Z] Time:          Thu Oct 27 2022 22:48:57 GMT+0600 (Bangladesh Standard Time)
[debug] [2022-10-27T16:48:57.166Z] ----------------------------------------------------------------------
[debug] 
[debug] [2022-10-27T16:48:57.277Z] > command requires scopes: ["email","openid","https://www.googleapis.com/auth/cloudplatformprojects.readonly","https://www.googleapis.com/auth/firebase","https://www.googleapis.com/auth/cloud-platform"]
[debug] [2022-10-27T16:48:57.277Z] > authorizing via signed-in user (ahmed.mushfik16381@gmail.com)
[info] 
     ######## #### ########  ######## ########     ###     ######  ########
     ##        ##  ##     ## ##       ##     ##  ##   ##  ##       ##
     ######    ##  ########  ######   ########  #########  ######  ######
     ##        ##  ##    ##  ##       ##     ## ##     ##       ## ##
     ##       #### ##     ## ######## ########  ##     ##  ######  ########

You're about to initialize a Firebase project in this directory:

  E:\Pograming Hero Web Course\Assignment\gyan\gyan-client-side

Before we get started, keep in mind:

  * You are initializing within an existing Firebase project directory

[info] 
=== Project Setup
[info] 
[info] First, let's associate this project directory with a Firebase project.
[info] You can create multiple project aliases by running firebase use --add, 
[info] but for now we'll just set up a default project.
[info] 
[debug] [2022-10-27T16:49:02.868Z] Using project from CLI flag: gyan-client-side
[debug] [2022-10-27T16:49:02.873Z] >>> [apiv2][query] GET https://firebase.googleapis.com/v1beta1/projects/gyan-client-side [none]
[debug] [2022-10-27T16:49:03.543Z] <<< [apiv2][status] GET https://firebase.googleapis.com/v1beta1/projects/gyan-client-side 200
[debug] [2022-10-27T16:49:03.544Z] <<< [apiv2][body] GET https://firebase.googleapis.com/v1beta1/projects/gyan-client-side {"projectId":"gyan-client-side","projectNumber":"700747021074","displayName":"gyan-client-side","name":"projects/gyan-client-side","resources":{"hostingSite":"gyan-client-side"},"state":"ACTIVE","etag":"1_23cc07f5-8339-4b82-ac82-f0c757635e08"}
[info] i  Using project gyan-client-side (gyan-client-side) 
[info] 
=== Hosting Setup
[info] 
[info] Your public directory is the folder (relative to your project directory) that
[info] will contain Hosting assets to be uploaded with firebase deploy. If you
[info] have a build process for your assets, use your build's output directory.
[info] 
[info] i  Skipping write of public/404.html 
[debug] [2022-10-27T16:49:50.131Z] >>> [apiv2][query] GET https://www.gstatic.com/firebasejs/releases.json [none]
[debug] [2022-10-27T16:49:56.388Z] <<< [apiv2][status] GET https://www.gstatic.com/firebasejs/releases.json 200
[debug] [2022-10-27T16:49:56.390Z] <<< [apiv2][body] GET https://www.gstatic.com/firebasejs/releases.json {"current":{"version":"9.12.1","browserURL":"https://www.gstatic.com/firebasejs/9.12.1/firebase.js","packageURL":"https://www.gstatic.com/firebasejs/9.12.1/firebase.tgz"},"live":{"version":"9.12","browserURL":"https://www.gstatic.com/firebasejs/live/9.12/firebase.js","packageURL":"https://www.gstatic.com/firebasejs/live/9.12/firebase.tgz"},"components":{"analytics":"https://www.gstatic.com/firebasejs/9.12.1/firebase-analytics.js","app":"https://www.gstatic.com/firebasejs/9.12.1/firebase-app.js","app-check":"https://www.gstatic.com/firebasejs/9.12.1/firebase-app-check.js","auth":"https://www.gstatic.com/firebasejs/9.12.1/firebase-auth.js","auth/cordova":"https://www.gstatic.com/firebasejs/9.12.1/firebase-auth/cordova.js","auth/react-native":"https://www.gstatic.com/firebasejs/9.12.1/firebase-auth/react-native.js","functions":"https://www.gstatic.com/firebasejs/9.12.1/firebase-functions.js","firestore":"https://www.gstatic.com/firebasejs/9.12.1/firebase-firestore.js","firestore/lite":"https://www.gstatic.com/firebasejs/9.12.1/firebase-firestore/lite.js","installations":"https://www.gstatic.com/firebasejs/9.12.1/firebase-installations.js","storage":"https://www.gstatic.com/firebasejs/9.12.1/firebase-storage.js","performance":"https://www.gstatic.com/firebasejs/9.12.1/firebase-performance.js","remote-config":"https://www.gstatic.com/firebasejs/9.12.1/firebase-remote-config.js","messaging":"https://www.gstatic.com/firebasejs/9.12.1/firebase-messaging.js","messaging/sw":"https://www.gstatic.com/firebasejs/9.12.1/firebase-messaging/sw.js","database":"https://www.gstatic.com/firebasejs/9.12.1/firebase-database.js","firestore.memory":"https://www.gstatic.com/firebasejs/9.12.1/firebase-firestore.memory.js"}}
